0 info it worked if it ends with ok
1 verbose cli [ 'F:\\nodejs\\node.exe',
1 verbose cli   'F:\\nodejs\\node_modules\\npm\\bin\\npm-cli.js',
1 verbose cli   'publish' ]
2 info using npm@2.15.9
3 info using node@v4.6.0
4 verbose publish [ '.' ]
5 silly cache add args [ '.', null ]
6 verbose cache add spec .
7 silly cache add parsed spec Result {
7 silly cache add   raw: '.',
7 silly cache add   scope: null,
7 silly cache add   name: null,
7 silly cache add   rawSpec: '.',
7 silly cache add   spec: 'D:\\easyAnyuke',
7 silly cache add   type: 'directory' }
8 verbose addLocalDirectory C:\Users\owner\AppData\Roaming\npm-cache\eay\1.0.0\package.tgz not in flight; packing
9 verbose correctMkdir C:\Users\owner\AppData\Roaming\npm-cache correctMkdir not in flight; initializing
10 verbose tar pack [ 'C:\\Users\\owner\\AppData\\Roaming\\npm-cache\\eay\\1.0.0\\package.tgz',
10 verbose tar pack   'D:\\easyAnyuke' ]
11 verbose tarball C:\Users\owner\AppData\Roaming\npm-cache\eay\1.0.0\package.tgz
12 verbose folder D:\easyAnyuke
13 info prepublish eay@1.0.0
14 verbose addLocalTarball adding from inside cache C:\Users\owner\AppData\Roaming\npm-cache\eay\1.0.0\package.tgz
15 verbose correctMkdir C:\Users\owner\AppData\Roaming\npm-cache correctMkdir not in flight; initializing
16 silly cache afterAdd eay@1.0.0
17 verbose afterAdd C:\Users\owner\AppData\Roaming\npm-cache\eay\1.0.0\package\package.json not in flight; writing
18 verbose correctMkdir C:\Users\owner\AppData\Roaming\npm-cache correctMkdir not in flight; initializing
19 verbose afterAdd C:\Users\owner\AppData\Roaming\npm-cache\eay\1.0.0\package\package.json written
20 silly publish { name: 'eay',
20 silly publish   version: '1.0.0',
20 silly publish   description: '测连hello world',
20 silly publish   main: 'index.js',
20 silly publish   scripts: { test: 'echo "Error: no test specified" && exit 1' },
20 silly publish   repository:
20 silly publish    { type: 'git',
20 silly publish      url: 'git+https://github.com/anyuke/easyAnyuke.git' },
20 silly publish   keywords: [ 'eay' ],
20 silly publish   author: { name: 'anyuke' },
20 silly publish   license: 'ISC',
20 silly publish   bugs: { url: 'https://github.com/anyuke/easyAnyuke/issues' },
20 silly publish   homepage: 'https://github.com/anyuke/easyAnyuke#readme',
20 silly publish   readme: '# easyAnyuke\r\n第一个发布npm版本\r\n',
20 silly publish   readmeFilename: 'README.md',
20 silly publish   gitHead: 'e09563836345b1af1e4edd7a8ceae8bd3a3ab2fd',
20 silly publish   _id: 'eay@1.0.0',
20 silly publish   _shasum: 'd8ed0080edba995cff6e35464ee41dcbec8db125',
20 silly publish   _from: '.' }
21 verbose getPublishConfig undefined
22 silly mapToRegistry name eay
23 silly mapToRegistry using default registry
24 silly mapToRegistry registry https://registry.npm.taobao.org/
25 silly mapToRegistry data Result {
25 silly mapToRegistry   raw: 'eay',
25 silly mapToRegistry   scope: null,
25 silly mapToRegistry   name: 'eay',
25 silly mapToRegistry   rawSpec: '',
25 silly mapToRegistry   spec: 'latest',
25 silly mapToRegistry   type: 'tag' }
26 silly mapToRegistry uri https://registry.npm.taobao.org/eay
27 verbose publish registryBase https://registry.npm.taobao.org/
28 silly publish uploading C:\Users\owner\AppData\Roaming\npm-cache\eay\1.0.0\package.tgz
29 verbose request uri https://registry.npm.taobao.org/eay
30 verbose request sending authorization for write operation
31 info attempt registry request try #1 at 21:10:52
32 verbose request id 438ed48a6735cf7f
33 http request PUT https://registry.npm.taobao.org/eay
34 http 403 https://registry.npm.taobao.org/eay
35 verbose headers { date: 'Mon, 27 Feb 2017 13:10:52 GMT',
35 verbose headers   'content-type': 'application/json; charset=utf-8',
35 verbose headers   'content-length': '87',
35 verbose headers   connection: 'keep-alive',
35 verbose headers   'x-current-requests': '1',
35 verbose headers   'x-readtime': '10' }
36 verbose request invalidating C:\Users\owner\AppData\Roaming\npm-cache\registry.npm.taobao.org\eay on PUT
37 error publish Failed PUT 403
38 verbose stack Error: no_perms Private mode enable, only admin can publish this module: eay
38 verbose stack     at makeError (F:\nodejs\node_modules\npm\node_modules\npm-registry-client\lib\request.js:264:12)
38 verbose stack     at CachingRegistryClient.<anonymous> (F:\nodejs\node_modules\npm\node_modules\npm-registry-client\lib\request.js:252:14)
38 verbose stack     at Request._callback (F:\nodejs\node_modules\npm\node_modules\npm-registry-client\lib\request.js:172:14)
38 verbose stack     at Request.self.callback (F:\nodejs\node_modules\npm\node_modules\request\request.js:200:22)
38 verbose stack     at emitTwo (events.js:87:13)
38 verbose stack     at Request.emit (events.js:172:7)
38 verbose stack     at Request.<anonymous> (F:\nodejs\node_modules\npm\node_modules\request\request.js:1067:10)
38 verbose stack     at emitOne (events.js:82:20)
38 verbose stack     at Request.emit (events.js:169:7)
38 verbose stack     at IncomingMessage.<anonymous> (F:\nodejs\node_modules\npm\node_modules\request\request.js:988:12)
39 verbose statusCode 403
40 verbose pkgid eay
41 verbose cwd D:\easyAnyuke
42 error Windows_NT 6.1.7601
43 error argv "F:\\nodejs\\node.exe" "F:\\nodejs\\node_modules\\npm\\bin\\npm-cli.js" "publish"
44 error node v4.6.0
45 error npm  v2.15.9
46 error code E403
47 error no_perms Private mode enable, only admin can publish this module: eay
48 error If you need help, you may report this error at:
48 error     <https://github.com/npm/npm/issues>
49 verbose exit [ 1, true ]
